<?xml version="1.0" encoding="UTF-8"?>
<testng-results ignored="0" total="1" passed="1" failed="0" skipped="0">
  <reporter-output>
  </reporter-output>
  <suite started-at="2023-05-08T16:55:26 IST" name="Suite1" finished-at="2023-05-08T16:55:28 IST" duration-ms="1949">
    <groups>
    </groups>
    <test started-at="2023-05-08T16:55:26 IST" name="Nopackage" finished-at="2023-05-08T16:55:28 IST" duration-ms="1949">
      <class name="com.test.wrappers.CommonFunctionalities">
        <test-method is-config="true" signature="properties()[pri:0, instance:com.test.wrappers.CommonFunctionalities@543588e6]" started-at="2023-05-08T16:55:20 IST" name="properties" finished-at="2023-05-08T16:55:26 IST" duration-ms="5966" status="PASS">
          <reporter-output>
          </reporter-output>
        </test-method> <!-- properties -->
      </class> <!-- com.test.wrappers.CommonFunctionalities -->
      <class name="com.test.testcases.TC001LogIn">
        <test-method signature="run()[pri:0, instance:com.test.testcases.TC001LogIn@6392827e]" started-at="2023-05-08T16:55:26 IST" name="run" finished-at="2023-05-08T16:55:28 IST" duration-ms="1855" status="PASS">
          <reporter-output>
          </reporter-output>
        </test-method> <!-- run -->
      </class> <!-- com.test.testcases.TC001LogIn -->
    </test> <!-- Nopackage -->
  </suite> <!-- Suite1 -->
</testng-results>
